C:\Users\dbahena\Anaconda2\python.exe C:/Users/dbahena/PycharmProjects/ml-tgl/src/train-logreg.py
2017-11-10 08:15:05,454 - root - INFO - Project home: C:\Users\dbahena\PycharmProjects\ml-tgl
2017-11-10 08:15:05,456 - root - INFO - MFCC parameters
2017-11-10 08:15:05,456 - root - INFO - *win_len: 0.025
2017-11-10 08:15:05,456 - root - INFO - *win_step: 0.01
2017-11-10 08:15:05,456 - root - INFO - *num_cep: 13
2017-11-10 08:15:05,456 - root - INFO - *n_filt: 26
2017-11-10 08:15:05,456 - root - INFO - *n_fft: 512
2017-11-10 08:15:05,456 - root - INFO - *low_freq: 0
2017-11-10 08:15:05,456 - root - INFO - *high_freq: 4000
2017-11-10 08:15:05,456 - root - INFO - *pre_emph: 0.97
2017-11-10 08:15:05,457 - root - INFO - *cep_lifter: 22
2017-11-10 08:15:05,457 - root - INFO - *append_energy: False
2017-11-10 08:15:05,457 - root - INFO - Dataset parameters
2017-11-10 08:15:05,457 - root - INFO - *dataset_dir: C:\Users\dbahena\PycharmProjects\ml-tgl\dataset
2017-11-10 08:15:05,457 - root - INFO - *raw_dir: C:\Users\dbahena\PycharmProjects\ml-tgl\dataset\wav/verne
2017-11-10 08:15:05,457 - root - INFO - *train_dir: C:\Users\dbahena\PycharmProjects\ml-tgl\dataset\train
2017-11-10 08:15:05,457 - root - INFO - *cross_dir: C:\Users\dbahena\PycharmProjects\ml-tgl\dataset\cross
2017-11-10 08:15:05,457 - root - INFO - *test_dir: C:\Users\dbahena\PycharmProjects\ml-tgl\dataset\test
2017-11-10 08:15:05,457 - root - INFO - *train_size: 10.0
2017-11-10 08:15:05,459 - root - INFO - *cross_size: 0.0
2017-11-10 08:15:05,459 - root - INFO - *test_size: 10.0
2017-11-10 08:15:05,459 - root - INFO - *id_prefix: id_
2017-11-10 08:15:05,459 - root - INFO - *batch_size: 1
2017-11-10 08:15:05,459 - root - INFO - Session and summary parameters
2017-11-10 08:15:05,459 - root - INFO - Model parameters
2017-11-10 08:15:05,459 - root - INFO - lang encoder = {u'fra': 2, u'deu': 0, u'eng': 1}
2017-11-10 08:15:05,460 - root - INFO - creating wav index tuples
2017-11-10 08:15:05,502 - root - INFO - number of examples: 5444
2017-11-10 08:15:05,503 - root - INFO - fra: number of training samples: 278
2017-11-10 08:15:05,505 - root - INFO - fra: number of cross validation samples: 0
2017-11-10 08:15:05,505 - root - INFO - fra: number of testing samples: 278
2017-11-10 08:15:05,506 - root - INFO - deu: number of training samples: 267
2017-11-10 08:15:05,506 - root - INFO - deu: number of cross validation samples: 0
2017-11-10 08:15:05,506 - root - INFO - deu: number of testing samples: 267
2017-11-10 08:15:05,506 - root - INFO - computing training features
100% |########################################################################|
2017-11-10 08:15:39,526 - root - INFO - X shape = (14306L, 975L), Y shape = (14306L,), files len = 14306
2017-11-10 08:15:39,526 - root - INFO - lang cnt = defaultdict(<function <lambda> at 0x000000000586C748>, {u'fra': 7353, u'deu': 6953})
2017-11-10 08:15:39,526 - root - INFO - computing cross-val features
2017-11-10 08:15:39,526 - root - INFO - computing test features
100% |########################################################################|
2017-11-10 08:16:13,519 - root - INFO - X shape = (14264L, 975L), Y shape = (14264L,), files len = 14264
2017-11-10 08:16:13,519 - root - INFO - lang cnt = defaultdict(<function <lambda> at 0x00000000057142E8>, {u'fra': 7289, u'deu': 6975})
2017-11-10 08:16:13,519 - root - INFO - Training model for X with shape (14306L, 975L)
2017-11-10 08:16:27,357 - root - INFO - Testing model for X with shape (14306L, 975L)
2017-11-10 08:16:27,381 - root - INFO - Computing error rate
2017-11-10 08:16:27,391 - root - INFO - error rate = 52/545 = 0.095413
2017-11-10 08:16:27,391 - root - INFO - Testing model for X with shape (14264L, 975L)
2017-11-10 08:16:27,414 - root - INFO - Computing error rate
2017-11-10 08:16:27,424 - root - INFO - error rate = 72/545 = 0.132110

Process finished with exit code 0
