C:\Users\dbahena\Anaconda2\python.exe C:/Users/dbahena/PycharmProjects/ml-tgl/src/train-percep.py
2017-11-10 10:47:35,471 - root - INFO - Project home: C:\Users\dbahena\PycharmProjects\ml-tgl
2017-11-10 10:47:35,473 - root - INFO - MFCC parameters
2017-11-10 10:47:35,473 - root - INFO - *win_len: 0.025
2017-11-10 10:47:35,473 - root - INFO - *win_step: 0.01
2017-11-10 10:47:35,473 - root - INFO - *num_cep: 13
2017-11-10 10:47:35,473 - root - INFO - *n_filt: 26
2017-11-10 10:47:35,473 - root - INFO - *n_fft: 512
2017-11-10 10:47:35,473 - root - INFO - *low_freq: 0
2017-11-10 10:47:35,473 - root - INFO - *high_freq: 4000
2017-11-10 10:47:35,473 - root - INFO - *pre_emph: 0.97
2017-11-10 10:47:35,473 - root - INFO - *cep_lifter: 22
2017-11-10 10:47:35,473 - root - INFO - *append_energy: False
2017-11-10 10:47:35,474 - root - INFO - Dataset parameters
2017-11-10 10:47:35,474 - root - INFO - *dataset_dir: C:\Users\dbahena\PycharmProjects\ml-tgl\dataset
2017-11-10 10:47:35,477 - root - INFO - *raw_dir: C:\Users\dbahena\PycharmProjects\ml-tgl\dataset\wav/verne
2017-11-10 10:47:35,477 - root - INFO - *train_dir: C:\Users\dbahena\PycharmProjects\ml-tgl\dataset\train
2017-11-10 10:47:35,479 - root - INFO - *cross_dir: C:\Users\dbahena\PycharmProjects\ml-tgl\dataset\cross
2017-11-10 10:47:35,479 - root - INFO - *test_dir: C:\Users\dbahena\PycharmProjects\ml-tgl\dataset\test
2017-11-10 10:47:35,479 - root - INFO - *train_size: 10.0
2017-11-10 10:47:35,479 - root - INFO - *cross_size: 0.0
2017-11-10 10:47:35,479 - root - INFO - *test_size: 10.0
2017-11-10 10:47:35,480 - root - INFO - *id_prefix: id_
2017-11-10 10:47:35,480 - root - INFO - *batch_size: 1
2017-11-10 10:47:35,480 - root - INFO - Session and summary parameters
2017-11-10 10:47:35,480 - root - INFO - Model parameters
2017-11-10 10:47:35,480 - root - INFO - lang encoder = {u'fra': 2, u'deu': 0, u'eng': 1}
2017-11-10 10:47:35,480 - root - INFO - creating wav index tuples
2017-11-10 10:47:35,536 - root - INFO - number of examples: 5444
2017-11-10 10:47:35,539 - root - INFO - fra: number of training samples: 278
2017-11-10 10:47:35,539 - root - INFO - fra: number of cross validation samples: 0
2017-11-10 10:47:35,539 - root - INFO - fra: number of testing samples: 278
  0% |                                                                        |2017-11-10 10:47:35,542 - root - INFO - deu: number of training samples: 267
2017-11-10 10:47:35,542 - root - INFO - deu: number of cross validation samples: 0
2017-11-10 10:47:35,542 - root - INFO - deu: number of testing samples: 267
2017-11-10 10:47:35,542 - root - INFO - computing training features
100% |########################################################################|
2017-11-10 10:48:26,075 - root - INFO - X shape = (14202L, 975L), Y shape = (14202L,), files len = 14202
2017-11-10 10:48:26,078 - root - INFO - lang cnt = defaultdict(<function <lambda> at 0x00000000058256D8>, {u'fra': 7237, u'deu': 6965}), # diff files = 545
2017-11-10 10:48:26,079 - root - INFO - computing cross-val features
2017-11-10 10:48:26,079 - root - INFO - computing test features
100% |########################################################################|
2017-11-10 10:49:11,321 - root - INFO - X shape = (14282L, 975L), Y shape = (14282L,), files len = 14282
2017-11-10 10:49:11,322 - root - INFO - lang cnt = defaultdict(<function <lambda> at 0x00000000056E7278>, {u'fra': 7300, u'deu': 6982}), # diff files = 545
2017-11-10 10:49:11,322 - root - INFO - Training model for X with shape (14202L, 975L)
2017-11-10 10:49:14,888 - root - INFO - Testing model for X with shape (14202L, 975L)
2017-11-10 10:49:14,915 - root - INFO - Computing error rate
2017-11-10 10:49:14,930 - root - INFO - error rate = 68/545 = 0.124771
2017-11-10 10:49:14,930 - root - INFO - Testing model for X with shape (14282L, 975L)
2017-11-10 10:49:14,957 - root - INFO - Computing error rate
2017-11-10 10:49:14,970 - root - INFO - error rate = 100/545 = 0.183486

Process finished with exit code 0
