C:\Users\dbahena\Anaconda2\python.exe C:/Users/dbahena/PycharmProjects/ml-tgl/src/train-percep.py
2017-11-10 10:39:36,512 - root - INFO - Project home: C:\Users\dbahena\PycharmProjects\ml-tgl
2017-11-10 10:39:36,513 - root - INFO - MFCC parameters
2017-11-10 10:39:36,513 - root - INFO - *win_len: 0.025
2017-11-10 10:39:36,513 - root - INFO - *win_step: 0.01
2017-11-10 10:39:36,513 - root - INFO - *num_cep: 13
2017-11-10 10:39:36,513 - root - INFO - *n_filt: 26
2017-11-10 10:39:36,513 - root - INFO - *n_fft: 512
2017-11-10 10:39:36,513 - root - INFO - *low_freq: 0
2017-11-10 10:39:36,513 - root - INFO - *high_freq: 4000
2017-11-10 10:39:36,513 - root - INFO - *pre_emph: 0.97
2017-11-10 10:39:36,513 - root - INFO - *cep_lifter: 22
2017-11-10 10:39:36,513 - root - INFO - *append_energy: False
2017-11-10 10:39:36,513 - root - INFO - Dataset parameters
2017-11-10 10:39:36,513 - root - INFO - *dataset_dir: C:\Users\dbahena\PycharmProjects\ml-tgl\dataset
2017-11-10 10:39:36,516 - root - INFO - *raw_dir: C:\Users\dbahena\PycharmProjects\ml-tgl\dataset\wav/verne
2017-11-10 10:39:36,516 - root - INFO - *train_dir: C:\Users\dbahena\PycharmProjects\ml-tgl\dataset\train
2017-11-10 10:39:36,516 - root - INFO - *cross_dir: C:\Users\dbahena\PycharmProjects\ml-tgl\dataset\cross
2017-11-10 10:39:36,516 - root - INFO - *test_dir: C:\Users\dbahena\PycharmProjects\ml-tgl\dataset\test
2017-11-10 10:39:36,516 - root - INFO - *train_size: 10.0
2017-11-10 10:39:36,516 - root - INFO - *cross_size: 0.0
2017-11-10 10:39:36,516 - root - INFO - *test_size: 10.0
2017-11-10 10:39:36,516 - root - INFO - *id_prefix: id_
2017-11-10 10:39:36,516 - root - INFO - *batch_size: 1
2017-11-10 10:39:36,516 - root - INFO - Session and summary parameters
2017-11-10 10:39:36,516 - root - INFO - Model parameters
2017-11-10 10:39:36,517 - root - INFO - lang encoder = {u'fra': 2, u'deu': 0, u'eng': 1}
2017-11-10 10:39:36,517 - root - INFO - creating wav index tuples
2017-11-10 10:39:36,592 - root - INFO - number of examples: 5444
2017-11-10 10:39:36,601 - root - INFO - fra: number of training samples: 278
2017-11-10 10:39:36,602 - root - INFO - fra: number of cross validation samples: 0
2017-11-10 10:39:36,602 - root - INFO - fra: number of testing samples: 278
2017-11-10 10:39:36,605 - root - INFO - deu: number of training samples: 267
2017-11-10 10:39:36,607 - root - INFO - deu: number of cross validation samples: 0
2017-11-10 10:39:36,607 - root - INFO - deu: number of testing samples: 267
2017-11-10 10:39:36,608 - root - INFO - computing training features
100% |########################################################################|
2017-11-10 10:40:25,779 - root - INFO - X shape = (14274L, 975L), Y shape = (14274L,), files len = 14274
2017-11-10 10:40:25,779 - root - INFO - lang cnt = defaultdict(<function <lambda> at 0x0000000005879748>, {u'fra': 7274, u'deu': 7000}), # diff files = 545
2017-11-10 10:40:25,780 - root - INFO - computing cross-val features
2017-11-10 10:40:25,780 - root - INFO - computing test features
100% |########################################################################|
2017-11-10 10:41:11,444 - root - INFO - X shape = (14204L, 975L), Y shape = (14204L,), files len = 14204
2017-11-10 10:41:11,446 - root - INFO - lang cnt = defaultdict(<function <lambda> at 0x00000000056EB2E8>, {u'fra': 7251, u'deu': 6953}), # diff files = 545
2017-11-10 10:41:11,447 - root - INFO - Training model for X with shape (14274L, 975L)
2017-11-10 10:41:11,710 - root - INFO - Testing model for X with shape (14274L, 975L)
2017-11-10 10:41:11,776 - root - INFO - Computing error rate
2017-11-10 10:41:11,789 - root - INFO - error rate = 65/545 = 0.119266
2017-11-10 10:41:11,789 - root - INFO - Testing model for X with shape (14204L, 975L)
2017-11-10 10:41:11,819 - root - INFO - Computing error rate
2017-11-10 10:41:11,836 - root - INFO - error rate = 108/545 = 0.198165

Process finished with exit code 0
